Determining if the pthread_create exist failed with the following output:
Change Dir: /home/phdruan/catkin_ws/build/CMakeFiles/CMakeTmp

Run Build Command:"/usr/bin/make" "cmTC_cd043/fast"
/usr/bin/make -f CMakeFiles/cmTC_cd043.dir/build.make CMakeFiles/cmTC_cd043.dir/build
make[1]: 进入目录“/home/phdruan/catkin_ws/build/CMakeFiles/CMakeTmp”
Building C object CMakeFiles/cmTC_cd043.dir/CheckSymbolExists.c.o
/usr/bin/cc    -o CMakeFiles/cmTC_cd043.dir/CheckSymbolExists.c.o   -c /home/phdruan/catkin_ws/build/CMakeFiles/CMakeTmp/CheckSymbolExists.c
Linking C executable cmTC_cd043
/usr/bin/cmake -E cmake_link_script CMakeFiles/cmTC_cd043.dir/link.txt --verbose=1
/usr/bin/cc      -rdynamic CMakeFiles/cmTC_cd043.dir/CheckSymbolExists.c.o  -o cmTC_cd043 
CMakeFiles/cmTC_cd043.dir/CheckSymbolExists.c.o：在函数‘main’中：
CheckSymbolExists.c:(.text+0x1b)：对‘pthread_create’未定义的引用
collect2: error: ld returned 1 exit status
CMakeFiles/cmTC_cd043.dir/build.make:97: recipe for target 'cmTC_cd043' failed
make[1]: *** [cmTC_cd043] Error 1
make[1]: 离开目录“/home/phdruan/catkin_ws/build/CMakeFiles/CMakeTmp”
Makefile:126: recipe for target 'cmTC_cd043/fast' failed
make: *** [cmTC_cd043/fast] Error 2

File /home/phdruan/catkin_ws/build/CMakeFiles/CMakeTmp/CheckSymbolExists.c:
/* */
#include <pthread.h>

int main(int argc, char** argv)
{
  (void)argv;
#ifndef pthread_create
  return ((int*)(&pthread_create))[argc];
#else
  (void)argc;
  return 0;
#endif
}

Determining if the function pthread_create exists in the pthreads failed with the following output:
Change Dir: /home/phdruan/catkin_ws/build/CMakeFiles/CMakeTmp

Run Build Command:"/usr/bin/make" "cmTC_d1268/fast"
/usr/bin/make -f CMakeFiles/cmTC_d1268.dir/build.make CMakeFiles/cmTC_d1268.dir/build
make[1]: 进入目录“/home/phdruan/catkin_ws/build/CMakeFiles/CMakeTmp”
Building C object CMakeFiles/cmTC_d1268.dir/CheckFunctionExists.c.o
/usr/bin/cc   -DCHECK_FUNCTION_EXISTS=pthread_create   -o CMakeFiles/cmTC_d1268.dir/CheckFunctionExists.c.o   -c /usr/share/cmake-3.10/Modules/CheckFunctionExists.c
Linking C executable cmTC_d1268
/usr/bin/cmake -E cmake_link_script CMakeFiles/cmTC_d1268.dir/link.txt --verbose=1
/usr/bin/cc  -DCHECK_FUNCTION_EXISTS=pthread_create    -rdynamic CMakeFiles/cmTC_d1268.dir/CheckFunctionExists.c.o  -o cmTC_d1268 -lpthreads 
/usr/bin/ld: 找不到 -lpthreads
collect2: error: ld returned 1 exit status
CMakeFiles/cmTC_d1268.dir/build.make:97: recipe for target 'cmTC_d1268' failed
make[1]: *** [cmTC_d1268] Error 1
make[1]: 离开目录“/home/phdruan/catkin_ws/build/CMakeFiles/CMakeTmp”
Makefile:126: recipe for target 'cmTC_d1268/fast' failed
make: *** [cmTC_d1268/fast] Error 2


